2024-01-29 19:08:52 [CLIENT] [INFO] Setting user: Player95
2024-01-29 19:08:52 [CLIENT] [INFO] LWJGL Version: 2.9.0
2024-01-29 19:09:06 [CLIENT] [INFO] [CHAT] §fBetter Than Wolves CE V2.1.4
2024-01-29 19:09:06 [CLIENT] [INFO] [CHAT] §f§kExample Name V0.1.0
2024-01-29 19:09:28 [CLIENT] [INFO] Stopping!
2024-01-31 19:12:20 [CLIENT] [INFO] Setting user: Player493
2024-01-31 19:12:20 [CLIENT] [INFO] LWJGL Version: 2.9.0
2024-01-31 19:12:28 [CLIENT] [INFO] [CHAT] §fBetter Than Wolves CE V2.1.4
2024-01-31 19:12:28 [CLIENT] [INFO] [CHAT] §f§kExample Name V0.1.0
2024-01-31 19:12:28 [CLIENT] [INFO] [CHAT] §fSimple Zoom V1.0.1
2024-01-31 19:14:43 [CLIENT] [INFO] Setting user: Player978
2024-01-31 19:14:43 [CLIENT] [INFO] LWJGL Version: 2.9.0
2024-01-31 19:14:51 [CLIENT] [INFO] [CHAT] §fBetter Than Wolves CE V2.1.4
2024-01-31 19:14:51 [CLIENT] [INFO] [CHAT] §f§kExample Name V0.1.0
2024-01-31 19:14:51 [CLIENT] [INFO] [CHAT] §fSimple Zoom V1.0.1
2024-01-31 19:16:33 [CLIENT] [INFO] Setting user: Player894
2024-01-31 19:16:33 [CLIENT] [INFO] LWJGL Version: 2.9.0
2024-01-31 19:16:42 [CLIENT] [INFO] [CHAT] §fBetter Than Wolves CE V2.1.4
2024-01-31 19:16:42 [CLIENT] [INFO] [CHAT] §f§kExample Name V0.1.0
2024-01-31 19:16:42 [CLIENT] [INFO] [CHAT] §fSimple Zoom V1.0.1
2024-01-31 19:23:35 [CLIENT] [INFO] Setting user: Player674
2024-01-31 19:23:35 [CLIENT] [INFO] LWJGL Version: 2.9.0
2024-01-31 19:23:43 [CLIENT] [INFO] [CHAT] §fBetter Than Wolves CE V2.1.4
2024-01-31 19:23:43 [CLIENT] [INFO] [CHAT] §f§kExample Name V0.1.0
2024-01-31 19:23:43 [CLIENT] [INFO] [CHAT] §fSimple Zoom V1.0.1
2024-01-31 19:27:26 [CLIENT] [INFO] Setting user: Player792
2024-01-31 19:27:26 [CLIENT] [INFO] LWJGL Version: 2.9.0
2024-01-31 19:27:34 [CLIENT] [INFO] [CHAT] §fBetter Than Wolves CE V2.1.4
2024-01-31 19:27:34 [CLIENT] [INFO] [CHAT] §fSimple Zoom V1.0.1
2024-01-31 19:27:34 [CLIENT] [INFO] [CHAT] §f§kExample Name V0.1.0
2024-01-31 19:31:53 [CLIENT] [INFO] Setting user: Player55
2024-01-31 19:31:53 [CLIENT] [INFO] LWJGL Version: 2.9.0
2024-01-31 19:32:02 [CLIENT] [INFO] [CHAT] §fBetter Than Wolves CE V2.1.4
2024-01-31 19:32:02 [CLIENT] [INFO] [CHAT] §fSimple Zoom V1.0.1
2024-01-31 19:32:02 [CLIENT] [INFO] [CHAT] §f§kExample Name V0.1.0
2024-01-31 19:37:46 [CLIENT] [INFO] Setting user: Player474
2024-01-31 19:37:46 [CLIENT] [INFO] LWJGL Version: 2.9.0
2024-01-31 19:37:55 [CLIENT] [INFO] [CHAT] §fBetter Than Wolves CE V2.1.4
2024-01-31 19:37:55 [CLIENT] [INFO] [CHAT] §fSimple Zoom V1.0.1
2024-01-31 19:37:55 [CLIENT] [INFO] [CHAT] §f§kExample Name V0.1.0
2024-01-31 19:44:31 [CLIENT] [INFO] Setting user: Player805
2024-01-31 19:44:31 [CLIENT] [INFO] LWJGL Version: 2.9.0
2024-01-31 19:44:38 [CLIENT] [INFO] [CHAT] §fBetter Than Wolves CE V2.1.4
2024-01-31 19:44:38 [CLIENT] [INFO] [CHAT] §fSimple Zoom V1.0.1
2024-01-31 19:44:38 [CLIENT] [INFO] [CHAT] §f§kExample Name V0.1.0
2024-01-31 19:45:47 [CLIENT] [INFO] Setting user: Player630
2024-01-31 19:45:47 [CLIENT] [INFO] LWJGL Version: 2.9.0
2024-01-31 19:45:55 [CLIENT] [INFO] [CHAT] §fBetter Than Wolves CE V2.1.4
2024-01-31 19:45:55 [CLIENT] [INFO] [CHAT] §fSimple Zoom V1.0.1
2024-01-31 19:45:55 [CLIENT] [INFO] [CHAT] §f§kExample Name V0.1.0
2024-01-31 19:51:04 [CLIENT] [INFO] Setting user: Player688
2024-01-31 19:51:04 [CLIENT] [INFO] LWJGL Version: 2.9.0
2024-01-31 19:51:13 [CLIENT] [INFO] [CHAT] §fBetter Than Wolves CE V2.1.4
2024-01-31 19:51:13 [CLIENT] [INFO] [CHAT] §fSimple Zoom V1.0.1
2024-01-31 19:51:13 [CLIENT] [INFO] [CHAT] §f§kExample Name V0.1.0
2024-01-31 19:51:37 [CLIENT] [INFO] Setting user: Player837
2024-01-31 19:51:37 [CLIENT] [INFO] LWJGL Version: 2.9.0
2024-01-31 19:51:46 [CLIENT] [INFO] [CHAT] §fBetter Than Wolves CE V2.1.4
2024-01-31 19:51:46 [CLIENT] [INFO] [CHAT] §fSimple Zoom V1.0.1
2024-01-31 19:51:46 [CLIENT] [INFO] [CHAT] §f§kExample Name V0.1.0
2024-01-31 19:53:25 [CLIENT] [INFO] Setting user: Player93
2024-01-31 19:53:25 [CLIENT] [INFO] LWJGL Version: 2.9.0
2024-01-31 19:53:34 [CLIENT] [INFO] [CHAT] §fBetter Than Wolves CE V2.1.4
2024-01-31 19:53:34 [CLIENT] [INFO] [CHAT] §fSimple Zoom V1.0.1
2024-01-31 19:53:34 [CLIENT] [INFO] [CHAT] §f§kExample Name V0.1.0
2024-01-31 20:07:01 [CLIENT] [INFO] Setting user: Player924
2024-01-31 20:07:01 [CLIENT] [INFO] LWJGL Version: 2.9.0
2024-01-31 20:08:56 [CLIENT] [INFO] Setting user: Player440
2024-01-31 20:08:56 [CLIENT] [INFO] LWJGL Version: 2.9.0
2024-01-31 20:11:10 [CLIENT] [INFO] Setting user: Player857
2024-01-31 20:11:10 [CLIENT] [INFO] LWJGL Version: 2.9.0
2024-01-31 20:11:59 [CLIENT] [INFO] Setting user: Player708
2024-01-31 20:11:59 [CLIENT] [INFO] LWJGL Version: 2.9.0
2024-01-31 20:26:07 [CLIENT] [INFO] Setting user: Player418
2024-01-31 20:26:07 [CLIENT] [INFO] LWJGL Version: 2.9.0
2024-01-31 20:39:20 [CLIENT] [INFO] Setting user: Player71
2024-01-31 20:39:20 [CLIENT] [INFO] LWJGL Version: 2.9.0
2024-01-31 20:41:51 [CLIENT] [INFO] Setting user: Player475
2024-01-31 20:41:51 [CLIENT] [INFO] LWJGL Version: 2.9.0
2024-01-31 20:47:04 [CLIENT] [INFO] Setting user: Player728
2024-01-31 20:47:04 [CLIENT] [INFO] LWJGL Version: 2.9.0
2024-01-31 21:02:10 [CLIENT] [INFO] Setting user: Player205
2024-01-31 21:02:10 [CLIENT] [INFO] LWJGL Version: 2.9.0
2024-01-31 21:04:23 [CLIENT] [INFO] Setting user: Player336
2024-01-31 21:04:23 [CLIENT] [INFO] LWJGL Version: 2.9.0
2024-01-31 21:12:43 [CLIENT] [INFO] Setting user: Player955
2024-01-31 21:12:43 [CLIENT] [INFO] LWJGL Version: 2.9.0
2024-01-31 21:24:49 [CLIENT] [INFO] Setting user: Player702
2024-01-31 21:24:49 [CLIENT] [INFO] LWJGL Version: 2.9.0
2024-01-31 21:25:19 [CLIENT] [INFO] Setting user: Player126
2024-01-31 21:25:19 [CLIENT] [INFO] LWJGL Version: 2.9.0
2024-01-31 21:27:24 [CLIENT] [INFO] Setting user: Player472
2024-01-31 21:27:24 [CLIENT] [INFO] LWJGL Version: 2.9.0
2024-01-31 21:29:02 [CLIENT] [INFO] Setting user: Player323
2024-01-31 21:29:02 [CLIENT] [INFO] LWJGL Version: 2.9.0
2024-01-31 21:30:32 [CLIENT] [INFO] Setting user: Player570
2024-01-31 21:30:32 [CLIENT] [INFO] LWJGL Version: 2.9.0
2024-01-31 21:32:42 [CLIENT] [INFO] Setting user: Player540
2024-01-31 21:32:42 [CLIENT] [INFO] LWJGL Version: 2.9.0
2024-01-31 21:33:27 [CLIENT] [INFO] Setting user: Player281
2024-01-31 21:33:27 [CLIENT] [INFO] LWJGL Version: 2.9.0
2024-01-31 21:39:59 [CLIENT] [INFO] Setting user: Player254
2024-01-31 21:39:59 [CLIENT] [INFO] LWJGL Version: 2.9.0
2024-01-31 21:40:53 [CLIENT] [INFO] [CHAT] §fBetter Than Wolves CE V2.1.4
2024-01-31 21:40:53 [CLIENT] [INFO] [CHAT] §fSimple Zoom Mod V1.0.1
2024-01-31 21:41:10 [CLIENT] [INFO] Stopping!
2024-01-31 21:46:37 [CLIENT] [INFO] Setting user: Player528
2024-01-31 21:46:37 [CLIENT] [INFO] LWJGL Version: 2.9.0
2024-01-31 21:46:46 [CLIENT] [INFO] [CHAT] §fBetter Than Wolves CE V2.1.4
2024-01-31 21:46:46 [CLIENT] [INFO] [CHAT] §fSimple Zoom Mod V1.0.1
2024-01-31 21:52:06 [CLIENT] [INFO] Setting user: Player812
2024-01-31 21:52:06 [CLIENT] [INFO] LWJGL Version: 2.9.0
2024-01-31 21:53:33 [CLIENT] [INFO] Stopping!
2024-01-31 21:55:21 [CLIENT] [INFO] Setting user: Player556
2024-01-31 21:55:21 [CLIENT] [INFO] LWJGL Version: 2.9.0
2024-01-31 21:57:41 [CLIENT] [INFO] Setting user: Player77
2024-01-31 21:57:41 [CLIENT] [INFO] LWJGL Version: 2.9.0
2024-01-31 21:57:53 [CLIENT] [INFO] [CHAT] §fBetter Than Wolves CE V2.1.4
2024-01-31 21:57:53 [CLIENT] [INFO] [CHAT] §fSimple Zoom Mod V1.0.1
2024-01-31 21:58:08 [CLIENT] [INFO] Stopping!
2024-01-31 22:00:44 [CLIENT] [INFO] Setting user: Player284
2024-01-31 22:00:44 [CLIENT] [INFO] LWJGL Version: 2.9.0
2024-01-31 22:00:53 [CLIENT] [INFO] Stopping!
2024-01-31 22:06:00 [CLIENT] [INFO] Setting user: Player425
2024-01-31 22:06:00 [CLIENT] [INFO] LWJGL Version: 2.9.0
2024-01-31 22:06:09 [CLIENT] [INFO] [CHAT] §fBetter Than Wolves CE V2.1.4
2024-01-31 22:06:09 [CLIENT] [INFO] [CHAT] §fSimple Zoom Mod V1.0.1
2024-01-31 22:06:38 [CLIENT] [INFO] Stopping!
2024-01-31 22:16:05 [CLIENT] [INFO] Setting user: Player144
2024-01-31 22:16:05 [CLIENT] [INFO] LWJGL Version: 2.9.0
2024-01-31 22:16:13 [CLIENT] [INFO] [CHAT] §fBetter Than Wolves CE V2.1.4
2024-01-31 22:16:13 [CLIENT] [INFO] [CHAT] §fSimple Zoom Mod V1.0.1
2024-01-31 22:16:44 [CLIENT] [INFO] Stopping!
2024-01-31 22:17:09 [CLIENT] [INFO] Setting user: Player747
2024-01-31 22:17:09 [CLIENT] [INFO] LWJGL Version: 2.9.0
2024-01-31 22:17:16 [CLIENT] [INFO] [CHAT] §fBetter Than Wolves CE V2.1.4
2024-01-31 22:17:16 [CLIENT] [INFO] [CHAT] §fSimple Zoom Mod V1.0.1
2024-01-31 22:23:29 [CLIENT] [INFO] Setting user: Player793
2024-01-31 22:23:29 [CLIENT] [INFO] LWJGL Version: 2.9.0
2024-01-31 22:23:36 [CLIENT] [INFO] [CHAT] §fBetter Than Wolves CE V2.1.4
2024-01-31 22:23:36 [CLIENT] [INFO] [CHAT] §fSimple Zoom Mod V1.0.1
2024-01-31 22:24:01 [CLIENT] [INFO] Stopping!
2024-01-31 23:08:29 [CLIENT] [INFO] Setting user: Player886
2024-01-31 23:08:29 [CLIENT] [INFO] LWJGL Version: 2.9.0
2024-01-31 23:08:37 [CLIENT] [INFO] [CHAT] §fBetter Than Wolves CE V2.1.4
2024-01-31 23:08:37 [CLIENT] [INFO] [CHAT] §fSimple Zoom Mod V1.0.1
2024-01-31 23:09:20 [CLIENT] [INFO] Stopping!
2024-01-31 23:11:52 [CLIENT] [INFO] Setting user: Player127
2024-01-31 23:11:52 [CLIENT] [INFO] LWJGL Version: 2.9.0
2024-01-31 23:12:00 [CLIENT] [INFO] [CHAT] §fBetter Than Wolves CE V2.1.4
2024-01-31 23:12:00 [CLIENT] [INFO] [CHAT] §fSimple Zoom Mod V1.0.1
2024-01-31 23:12:20 [CLIENT] [INFO] Stopping!
2024-01-31 23:16:27 [CLIENT] [INFO] Setting user: Player781
2024-01-31 23:16:27 [CLIENT] [INFO] LWJGL Version: 2.9.0
2024-01-31 23:16:35 [CLIENT] [INFO] [CHAT] §fBetter Than Wolves CE V2.1.4
2024-01-31 23:16:35 [CLIENT] [INFO] [CHAT] §fSimple Zoom Mod V1.0.1
2024-01-31 23:16:48 [CLIENT] [INFO] [CHAT] §fBetter Than Wolves CE V2.1.4
2024-01-31 23:16:48 [CLIENT] [INFO] [CHAT] §fSimple Zoom Mod V1.0.1
2024-01-31 23:19:23 [CLIENT] [INFO] Setting user: Player148
2024-01-31 23:19:23 [CLIENT] [INFO] LWJGL Version: 2.9.0
2024-01-31 23:19:32 [CLIENT] [INFO] [CHAT] §fBetter Than Wolves CE V2.1.4
2024-01-31 23:19:32 [CLIENT] [INFO] [CHAT] §fSimple Zoom Mod V1.0.1
2024-01-31 23:21:30 [CLIENT] [INFO] Setting user: Player891
2024-01-31 23:21:30 [CLIENT] [INFO] LWJGL Version: 2.9.0
2024-01-31 23:21:51 [CLIENT] [INFO] [CHAT] §fBetter Than Wolves CE V2.1.4
2024-01-31 23:21:51 [CLIENT] [INFO] [CHAT] §fSimple Zoom Mod V1.0.1
2024-01-31 23:22:30 [CLIENT] [INFO] Stopping!
2024-01-31 23:23:40 [CLIENT] [INFO] Setting user: Player445
2024-01-31 23:23:40 [CLIENT] [INFO] LWJGL Version: 2.9.0
2024-01-31 23:23:48 [CLIENT] [INFO] [CHAT] §fBetter Than Wolves CE V2.1.4
2024-01-31 23:23:48 [CLIENT] [INFO] [CHAT] §fSimple Zoom Mod V1.0.1
2024-01-31 23:24:36 [CLIENT] [INFO] Setting user: Player113
2024-01-31 23:24:36 [CLIENT] [INFO] LWJGL Version: 2.9.0
2024-01-31 23:24:44 [CLIENT] [INFO] [CHAT] §fBetter Than Wolves CE V2.1.4
2024-01-31 23:24:44 [CLIENT] [INFO] [CHAT] §fSimple Zoom Mod V1.0.1
2024-01-31 23:25:01 [CLIENT] [INFO] Stopping!
2024-01-31 23:26:31 [CLIENT] [INFO] Setting user: Player43
2024-01-31 23:26:31 [CLIENT] [INFO] LWJGL Version: 2.9.0
2024-01-31 23:26:39 [CLIENT] [INFO] [CHAT] §fBetter Than Wolves CE V2.1.4
2024-01-31 23:26:39 [CLIENT] [INFO] [CHAT] §fSimple Zoom Mod V1.0.1
2024-01-31 23:26:54 [CLIENT] [INFO] Stopping!
2024-01-31 23:50:11 [CLIENT] [INFO] Setting user: Player311
2024-01-31 23:50:11 [CLIENT] [INFO] LWJGL Version: 2.9.0
2024-01-31 23:50:19 [CLIENT] [INFO] [CHAT] §fBetter Than Wolves CE V2.1.4
2024-01-31 23:50:19 [CLIENT] [INFO] [CHAT] §fSimple Zoom Mod V1.0.1
2024-01-31 23:50:50 [CLIENT] [INFO] Stopping!
2024-02-01 00:00:32 [CLIENT] [INFO] Setting user: Player427
2024-02-01 00:00:32 [CLIENT] [INFO] LWJGL Version: 2.9.0
2024-02-01 00:00:41 [CLIENT] [INFO] [CHAT] §fBetter Than Wolves CE V2.1.4
2024-02-01 00:00:41 [CLIENT] [INFO] [CHAT] §fSimple Zoom Mod V1.0.1
2024-02-01 00:05:40 [CLIENT] [INFO] Stopping!
2024-02-01 00:14:07 [CLIENT] [INFO] Setting user: Player481
2024-02-01 00:14:07 [CLIENT] [INFO] LWJGL Version: 2.9.0
2024-02-01 00:14:43 [CLIENT] [INFO] Setting user: Player850
2024-02-01 00:14:43 [CLIENT] [INFO] LWJGL Version: 2.9.0
2024-02-01 00:14:50 [CLIENT] [INFO] [CHAT] §fBetter Than Wolves CE V2.1.4
2024-02-01 00:14:50 [CLIENT] [INFO] [CHAT] §fSimple Zoom Mod V1.0.1
2024-02-01 00:15:08 [CLIENT] [INFO] Stopping!
2024-02-01 01:06:36 [CLIENT] [INFO] Setting user: Player121
2024-02-01 01:06:36 [CLIENT] [INFO] LWJGL Version: 2.9.0
2024-02-01 10:16:52 [CLIENT] [INFO] Setting user: Player144
2024-02-01 10:16:52 [CLIENT] [INFO] LWJGL Version: 2.9.0
2024-02-01 10:17:00 [CLIENT] [INFO] [CHAT] §fBetter Than Wolves CE V2.1.4
2024-02-01 10:17:00 [CLIENT] [INFO] [CHAT] §fSimple Zoom Mod V1.0.1
2024-02-01 10:17:29 [CLIENT] [INFO] Stopping!
2024-02-01 10:21:08 [CLIENT] [INFO] Setting user: Player697
2024-02-01 10:21:08 [CLIENT] [INFO] LWJGL Version: 2.9.0
2024-02-01 10:21:17 [CLIENT] [INFO] [CHAT] §fBetter Than Wolves CE V2.1.4
2024-02-01 10:21:17 [CLIENT] [INFO] [CHAT] §fSimple Zoom Mod V1.0.1
2024-02-01 10:21:38 [CLIENT] [INFO] Stopping!
2024-02-01 10:23:41 [CLIENT] [INFO] Setting user: Player445
2024-02-01 10:23:41 [CLIENT] [INFO] LWJGL Version: 2.9.0
2024-02-01 10:23:57 [CLIENT] [INFO] [CHAT] §fBetter Than Wolves CE V2.1.4
2024-02-01 10:23:57 [CLIENT] [INFO] [CHAT] §fSimple Zoom Mod V1.0.1
2024-02-01 10:25:02 [CLIENT] [INFO] Stopping!
2024-02-01 10:28:19 [CLIENT] [INFO] Setting user: Player261
2024-02-01 10:28:19 [CLIENT] [INFO] LWJGL Version: 2.9.0
2024-02-01 10:28:27 [CLIENT] [INFO] [CHAT] §fBetter Than Wolves CE V2.1.4
2024-02-01 10:28:27 [CLIENT] [INFO] [CHAT] §fSimple Zoom Mod V1.0.1
2024-02-01 10:29:07 [CLIENT] [INFO] Stopping!
2024-02-01 10:30:16 [CLIENT] [INFO] Setting user: Player943
2024-02-01 10:30:16 [CLIENT] [INFO] LWJGL Version: 2.9.0
2024-02-01 10:30:26 [CLIENT] [INFO] [CHAT] §fBetter Than Wolves CE V2.1.4
2024-02-01 10:30:26 [CLIENT] [INFO] [CHAT] §fSimple Zoom Mod V1.0.1
2024-02-01 10:31:02 [CLIENT] [INFO] Stopping!
2024-02-01 10:31:27 [CLIENT] [INFO] Setting user: Player525
2024-02-01 10:31:27 [CLIENT] [INFO] LWJGL Version: 2.9.0
2024-02-01 10:31:37 [CLIENT] [INFO] [CHAT] §fBetter Than Wolves CE V2.1.4
2024-02-01 10:31:37 [CLIENT] [INFO] [CHAT] §fSimple Zoom Mod V1.0.1
2024-02-01 10:32:30 [CLIENT] [INFO] Stopping!
2024-02-01 10:33:00 [CLIENT] [INFO] Setting user: Player877
2024-02-01 10:33:00 [CLIENT] [INFO] LWJGL Version: 2.9.0
2024-02-01 10:33:14 [CLIENT] [INFO] [CHAT] §fBetter Than Wolves CE V2.1.4
2024-02-01 10:33:14 [CLIENT] [INFO] [CHAT] §fSimple Zoom Mod V1.0.1
2024-02-01 10:33:31 [CLIENT] [INFO] Stopping!
2024-02-01 10:38:06 [CLIENT] [INFO] Setting user: Player870
2024-02-01 10:38:06 [CLIENT] [INFO] LWJGL Version: 2.9.0
2024-02-01 10:40:27 [CLIENT] [INFO] Stopping!
2024-02-01 11:02:04 [CLIENT] [INFO] Setting user: Player49
2024-02-01 11:02:04 [CLIENT] [INFO] LWJGL Version: 2.9.0
2024-02-01 11:02:14 [CLIENT] [INFO] [CHAT] §fBetter Than Wolves CE V2.1.4
2024-02-01 11:02:14 [CLIENT] [INFO] [CHAT] §fSimple Zoom BTW V1.0.1
2024-02-01 11:03:36 [CLIENT] [INFO] Stopping!
2024-02-01 11:04:21 [CLIENT] [INFO] Setting user: Player550
2024-02-01 11:04:21 [CLIENT] [INFO] LWJGL Version: 2.9.0
2024-02-01 11:04:30 [CLIENT] [INFO] [CHAT] §fBetter Than Wolves CE V2.1.4
2024-02-01 11:04:30 [CLIENT] [INFO] [CHAT] §fSimple Zoom BTW V1.0.1
2024-02-01 11:04:49 [CLIENT] [INFO] Stopping!
2024-02-01 11:08:10 [CLIENT] [INFO] Setting user: Player981
2024-02-01 11:08:10 [CLIENT] [INFO] LWJGL Version: 2.9.0
2024-02-01 11:08:17 [CLIENT] [INFO] [CHAT] §fBetter Than Wolves CE V2.1.4
2024-02-01 11:08:17 [CLIENT] [INFO] [CHAT] §fSimple Zoom BTW V1.0.1
2024-02-01 11:08:49 [CLIENT] [INFO] Stopping!
2024-02-01 11:16:59 [CLIENT] [INFO] Setting user: Player572
2024-02-01 11:16:59 [CLIENT] [INFO] LWJGL Version: 2.9.0
2024-02-01 11:17:07 [CLIENT] [INFO] [CHAT] §fBetter Than Wolves CE V2.1.4
2024-02-01 11:17:07 [CLIENT] [INFO] [CHAT] §fSimple Zoom BTW V1.0.1
2024-02-01 11:17:33 [CLIENT] [INFO] Stopping!
2024-02-01 13:15:19 [CLIENT] [INFO] Setting user: Player248
2024-02-01 13:15:19 [CLIENT] [INFO] LWJGL Version: 2.9.0
2024-02-01 13:15:30 [CLIENT] [INFO] [CHAT] §fBetter Than Wolves CE V2.1.4
2024-02-01 13:15:30 [CLIENT] [INFO] [CHAT] §fSimple Zoom BTW V1.0.1
2024-02-01 13:18:09 [CLIENT] [INFO] Setting user: Player192
2024-02-01 13:18:09 [CLIENT] [INFO] LWJGL Version: 2.9.0
2024-02-01 13:18:18 [CLIENT] [INFO] [CHAT] §fBetter Than Wolves CE V2.1.4
2024-02-01 13:18:18 [CLIENT] [INFO] [CHAT] §fSimple Zoom BTW V1.0.1
2024-02-01 13:18:42 [CLIENT] [INFO] Stopping!
2024-02-01 13:20:08 [CLIENT] [INFO] Setting user: Player979
2024-02-01 13:20:08 [CLIENT] [INFO] LWJGL Version: 2.9.0
2024-02-01 13:20:20 [CLIENT] [INFO] [CHAT] §fBetter Than Wolves CE V2.1.4
2024-02-01 13:20:20 [CLIENT] [INFO] [CHAT] §fSimple Zoom BTW V1.0.1
2024-02-01 13:20:30 [CLIENT] [INFO] Stopping!
2024-02-01 13:22:11 [CLIENT] [INFO] Setting user: Player459
2024-02-01 13:22:11 [CLIENT] [INFO] LWJGL Version: 2.9.0
2024-02-01 13:22:20 [CLIENT] [INFO] [CHAT] §fBetter Than Wolves CE V2.1.4
2024-02-01 13:22:20 [CLIENT] [INFO] [CHAT] §fSimple Zoom BTW V1.0.1
2024-02-01 13:22:44 [CLIENT] [INFO] Stopping!
2024-02-01 13:25:01 [CLIENT] [INFO] Setting user: Player578
2024-02-01 13:25:01 [CLIENT] [INFO] LWJGL Version: 2.9.0
2024-02-01 13:25:19 [CLIENT] [INFO] [CHAT] §fBetter Than Wolves CE V2.1.4
2024-02-01 13:25:19 [CLIENT] [INFO] [CHAT] §fSimple Zoom BTW V1.0.1
2024-02-01 13:26:11 [CLIENT] [INFO] [CHAT] §fBetter Than Wolves CE V2.1.4
2024-02-01 13:26:11 [CLIENT] [INFO] [CHAT] §fSimple Zoom BTW V1.0.1
2024-02-01 13:26:29 [CLIENT] [INFO] Stopping!
2024-02-01 13:26:58 [CLIENT] [INFO] Setting user: Player759
2024-02-01 13:26:58 [CLIENT] [INFO] LWJGL Version: 2.9.0
2024-02-01 13:27:34 [CLIENT] [INFO] [CHAT] §fBetter Than Wolves CE V2.1.4
2024-02-01 13:27:34 [CLIENT] [INFO] [CHAT] §fSimple Zoom BTW V1.0.1
2024-02-01 13:31:39 [CLIENT] [INFO] Setting user: Player709
2024-02-01 13:31:39 [CLIENT] [INFO] LWJGL Version: 2.9.0
2024-02-01 13:31:48 [CLIENT] [INFO] [CHAT] §fBetter Than Wolves CE V2.1.4
2024-02-01 13:31:48 [CLIENT] [INFO] [CHAT] §fSimple Zoom BTW V1.0.1
2024-02-01 13:32:17 [CLIENT] [INFO] Stopping!
2024-02-01 13:39:45 [CLIENT] [INFO] Setting user: Player983
2024-02-01 13:39:45 [CLIENT] [INFO] LWJGL Version: 2.9.0
2024-02-01 13:39:54 [CLIENT] [INFO] [CHAT] §fBetter Than Wolves CE V2.1.4
2024-02-01 13:39:54 [CLIENT] [INFO] [CHAT] §fSimple Zoom BTW V1.0.1
2024-02-01 13:40:10 [CLIENT] [INFO] Stopping!
2024-02-01 13:41:23 [CLIENT] [INFO] Setting user: Player492
2024-02-01 13:41:23 [CLIENT] [INFO] LWJGL Version: 2.9.0
2024-02-01 13:41:31 [CLIENT] [INFO] [CHAT] §fBetter Than Wolves CE V2.1.4
2024-02-01 13:41:31 [CLIENT] [INFO] [CHAT] §fSimple Zoom BTW V1.0.1
2024-02-01 13:41:50 [CLIENT] [INFO] Stopping!
2024-02-01 13:43:16 [CLIENT] [INFO] Setting user: Player345
2024-02-01 13:43:16 [CLIENT] [INFO] LWJGL Version: 2.9.0
2024-02-01 13:43:25 [CLIENT] [INFO] [CHAT] §fBetter Than Wolves CE V2.1.4
2024-02-01 13:43:25 [CLIENT] [INFO] [CHAT] §fSimple Zoom BTW V1.0.1
2024-02-01 13:43:34 [CLIENT] [INFO] Stopping!
2024-02-01 13:52:44 [CLIENT] [INFO] Setting user: Player685
2024-02-01 13:52:44 [CLIENT] [INFO] LWJGL Version: 2.9.0
2024-02-01 13:54:31 [CLIENT] [INFO] Setting user: Player617
2024-02-01 13:54:31 [CLIENT] [INFO] LWJGL Version: 2.9.0
2024-02-01 13:57:32 [CLIENT] [INFO] [CHAT] §fBetter Than Wolves CE V2.1.4
2024-02-01 13:57:32 [CLIENT] [INFO] [CHAT] §fSimple Zoom BTW V1.0.1
2024-02-01 14:01:08 [CLIENT] [INFO] Setting user: Player450
2024-02-01 14:01:08 [CLIENT] [INFO] LWJGL Version: 2.9.0
2024-02-01 14:01:16 [CLIENT] [INFO] [CHAT] §fBetter Than Wolves CE V2.1.4
2024-02-01 14:01:16 [CLIENT] [INFO] [CHAT] §fSimple Zoom BTW V1.0.1
2024-02-01 14:01:28 [CLIENT] [INFO] Stopping!
2024-02-01 14:08:52 [CLIENT] [INFO] Setting user: Player229
2024-02-01 14:08:52 [CLIENT] [INFO] LWJGL Version: 2.9.0
2024-02-01 14:09:01 [CLIENT] [INFO] [CHAT] §fBetter Than Wolves CE V2.1.4
2024-02-01 14:09:01 [CLIENT] [INFO] [CHAT] §fSimple Zoom BTW V1.0.1
2024-02-01 14:09:22 [CLIENT] [INFO] Stopping!
2024-02-01 14:15:31 [CLIENT] [INFO] Setting user: Player904
2024-02-01 14:15:31 [CLIENT] [INFO] LWJGL Version: 2.9.0
2024-02-01 14:16:16 [CLIENT] [INFO] [CHAT] §fBetter Than Wolves CE V2.1.4
2024-02-01 14:16:16 [CLIENT] [INFO] [CHAT] §fSimple Zoom BTW V1.0.1
2024-02-01 14:16:26 [CLIENT] [INFO] Stopping!
2024-02-01 14:17:35 [CLIENT] [INFO] Setting user: Player39
2024-02-01 14:17:35 [CLIENT] [INFO] LWJGL Version: 2.9.0
2024-02-01 14:17:44 [CLIENT] [INFO] [CHAT] §fBetter Than Wolves CE V2.1.4
2024-02-01 14:17:44 [CLIENT] [INFO] [CHAT] §fSimple Zoom BTW V1.0.1
2024-02-01 14:18:27 [CLIENT] [INFO] Stopping!
2024-02-01 14:20:04 [CLIENT] [INFO] Setting user: Player149
2024-02-01 14:20:04 [CLIENT] [INFO] LWJGL Version: 2.9.0
2024-02-01 14:20:12 [CLIENT] [INFO] [CHAT] §fBetter Than Wolves CE V2.1.4
2024-02-01 14:20:12 [CLIENT] [INFO] [CHAT] §fSimple Zoom BTW V1.0.1
2024-02-01 14:20:26 [CLIENT] [WARNING] Memory connection overburdened; after processing 2500 packets, we still have 1665 to go!
2024-02-01 14:20:43 [CLIENT] [INFO] Stopping!
2024-02-01 14:21:06 [CLIENT] [INFO] Setting user: Player90
2024-02-01 14:21:06 [CLIENT] [INFO] LWJGL Version: 2.9.0
2024-02-01 14:21:13 [CLIENT] [INFO] [CHAT] §fBetter Than Wolves CE V2.1.4
2024-02-01 14:21:13 [CLIENT] [INFO] [CHAT] §fSimple Zoom BTW V1.0.1
2024-02-01 14:21:30 [CLIENT] [INFO] Stopping!
2024-02-01 14:21:52 [CLIENT] [INFO] Setting user: Player574
2024-02-01 14:21:52 [CLIENT] [INFO] LWJGL Version: 2.9.0
2024-02-01 14:22:01 [CLIENT] [INFO] [CHAT] §fBetter Than Wolves CE V2.1.4
2024-02-01 14:22:01 [CLIENT] [INFO] [CHAT] §fSimple Zoom BTW V1.0.1
2024-02-01 14:22:31 [CLIENT] [WARNING] Memory connection overburdened; after processing 2500 packets, we still have 846 to go!
2024-02-01 14:23:34 [CLIENT] [INFO] Stopping!
2024-02-01 16:57:41 [CLIENT] [INFO] Setting user: Player473
2024-02-01 16:57:41 [CLIENT] [INFO] LWJGL Version: 2.9.0
2024-02-01 16:57:52 [CLIENT] [INFO] [CHAT] §fBetter Than Wolves CE V2.1.4
2024-02-01 16:57:52 [CLIENT] [INFO] [CHAT] §fSimple Zoom V1.0.1
2024-02-01 16:58:04 [CLIENT] [WARNING] Memory connection overburdened; after processing 2500 packets, we still have 569 to go!
2024-02-01 16:58:54 [CLIENT] [INFO] [CHAT] Your game mode has been updated
2024-02-01 16:59:44 [CLIENT] [INFO] Stopping!
2024-02-01 17:05:21 [CLIENT] [INFO] Setting user: Player230
2024-02-01 17:05:21 [CLIENT] [INFO] LWJGL Version: 2.9.0
2024-02-01 17:05:31 [CLIENT] [INFO] [CHAT] §fBetter Than Wolves CE V2.1.4
2024-02-01 17:05:31 [CLIENT] [INFO] [CHAT] §fSimple Zoom V1.0.1
2024-02-01 17:05:52 [CLIENT] [INFO] Setting user: Player438
2024-02-01 17:05:52 [CLIENT] [INFO] LWJGL Version: 2.9.0
2024-02-01 17:06:00 [CLIENT] [INFO] [CHAT] §fBetter Than Wolves CE V2.1.4
2024-02-01 17:06:00 [CLIENT] [INFO] [CHAT] §fSimple Zoom V1.0.1
2024-02-01 17:07:16 [CLIENT] [INFO] Stopping!
2024-02-01 17:08:57 [CLIENT] [INFO] Setting user: Player413
2024-02-01 17:08:57 [CLIENT] [INFO] LWJGL Version: 2.9.0
2024-02-01 17:09:04 [CLIENT] [INFO] [CHAT] §fBetter Than Wolves CE V2.1.4
2024-02-01 17:09:04 [CLIENT] [INFO] [CHAT] §fSimple Zoom V1.0.1
2024-02-01 17:09:37 [CLIENT] [INFO] Stopping!
2024-02-01 17:10:11 [CLIENT] [INFO] Setting user: Player751
2024-02-01 17:10:11 [CLIENT] [INFO] LWJGL Version: 2.9.0
2024-02-01 17:10:21 [CLIENT] [INFO] [CHAT] §fBetter Than Wolves CE V2.1.4
2024-02-01 17:10:21 [CLIENT] [INFO] [CHAT] §fSimple Zoom V1.0.1
2024-02-01 17:11:02 [CLIENT] [INFO] [CHAT] Local game hosted on 0.0.0.0:56798
2024-02-01 17:11:03 [CLIENT] [INFO] [CHAT] Your game mode has been updated
2024-02-01 17:11:17 [CLIENT] [INFO] Stopping!
2024-02-01 17:11:45 [CLIENT] [INFO] Setting user: Player83
2024-02-01 17:11:45 [CLIENT] [INFO] LWJGL Version: 2.9.0
2024-02-01 17:11:52 [CLIENT] [INFO] [CHAT] §fBetter Than Wolves CE V2.1.4
2024-02-01 17:11:52 [CLIENT] [INFO] [CHAT] §fSimple Zoom V1.0.1
2024-02-01 17:12:01 [CLIENT] [INFO] Stopping!
2024-02-01 17:12:24 [CLIENT] [INFO] Setting user: Player78
2024-02-01 17:12:24 [CLIENT] [INFO] LWJGL Version: 2.9.0
2024-02-01 17:12:31 [CLIENT] [INFO] [CHAT] §fBetter Than Wolves CE V2.1.4
2024-02-01 17:12:31 [CLIENT] [INFO] [CHAT] §fSimple Zoom V1.0.1
2024-02-01 17:13:25 [CLIENT] [INFO] [CHAT] Your game mode has been updated
2024-02-01 17:13:59 [CLIENT] [INFO] [CHAT] Your game mode has been updated
2024-02-01 17:14:16 [CLIENT] [INFO] Stopping!
2024-02-01 17:14:57 [CLIENT] [INFO] Setting user: Player513
2024-02-01 17:14:57 [CLIENT] [INFO] LWJGL Version: 2.9.0
2024-02-01 17:15:06 [CLIENT] [INFO] [CHAT] §fBetter Than Wolves CE V2.1.4
2024-02-01 17:15:06 [CLIENT] [INFO] [CHAT] §fSimple Zoom V1.0.1
2024-02-01 17:15:25 [CLIENT] [INFO] Stopping!
2024-02-01 17:15:47 [CLIENT] [INFO] Setting user: Player136
2024-02-01 17:15:47 [CLIENT] [INFO] LWJGL Version: 2.9.0
2024-02-01 17:15:54 [CLIENT] [INFO] [CHAT] §fBetter Than Wolves CE V2.1.4
2024-02-01 17:15:54 [CLIENT] [INFO] [CHAT] §fSimple Zoom V1.0.1
2024-02-01 17:16:19 [CLIENT] [INFO] Setting user: Player874
2024-02-01 17:16:19 [CLIENT] [INFO] LWJGL Version: 2.9.0
2024-02-01 17:16:33 [CLIENT] [INFO] [CHAT] §fBetter Than Wolves CE V2.1.4
2024-02-01 17:16:33 [CLIENT] [INFO] [CHAT] §fSimple Zoom V1.0.1
2024-02-01 17:17:29 [CLIENT] [INFO] Setting user: Player490
2024-02-01 17:17:29 [CLIENT] [INFO] LWJGL Version: 2.9.0
2024-02-01 17:17:37 [CLIENT] [INFO] [CHAT] §fBetter Than Wolves CE V2.1.4
2024-02-01 17:17:37 [CLIENT] [INFO] [CHAT] §fSimple Zoom V1.0.1
2024-02-01 17:17:57 [CLIENT] [WARNING] Memory connection overburdened; after processing 2500 packets, we still have 459 to go!
2024-02-01 17:18:44 [CLIENT] [INFO] [CHAT] Set the time to 0
2024-02-01 17:18:56 [CLIENT] [WARNING] Memory connection overburdened; after processing 2500 packets, we still have 1004 to go!
2024-02-01 17:19:59 [CLIENT] [INFO] Stopping!
2024-02-01 17:20:21 [CLIENT] [INFO] Setting user: Player381
2024-02-01 17:20:21 [CLIENT] [INFO] LWJGL Version: 2.9.0
2024-02-01 17:20:29 [CLIENT] [INFO] [CHAT] §fBetter Than Wolves CE V2.1.4
2024-02-01 17:20:29 [CLIENT] [INFO] [CHAT] §fSimple Zoom V1.0.1
2024-02-01 17:20:59 [CLIENT] [INFO] [CHAT] Your game mode has been updated
2024-02-01 17:24:08 [CLIENT] [INFO] Setting user: Player461
2024-02-01 17:24:08 [CLIENT] [INFO] LWJGL Version: 2.9.0
2024-02-01 17:24:17 [CLIENT] [INFO] [CHAT] §fBetter Than Wolves CE V2.1.4
2024-02-01 17:24:17 [CLIENT] [INFO] [CHAT] §fSimple Zoom V1.0.1
2024-02-01 17:25:30 [CLIENT] [INFO] [CHAT] Your game mode has been updated
2024-02-01 17:26:14 [CLIENT] [INFO] Stopping!
2024-02-01 17:30:41 [CLIENT] [INFO] Setting user: Player928
2024-02-01 17:30:41 [CLIENT] [INFO] LWJGL Version: 2.9.0
2024-02-01 17:30:49 [CLIENT] [INFO] [CHAT] §fBetter Than Wolves CE V2.1.4
2024-02-01 17:30:49 [CLIENT] [INFO] [CHAT] §fSimple Zoom V1.0.1
2024-02-01 17:31:07 [CLIENT] [INFO] Setting user: Player21
2024-02-01 17:31:07 [CLIENT] [INFO] LWJGL Version: 2.9.0
2024-02-01 17:31:17 [CLIENT] [INFO] [CHAT] §fBetter Than Wolves CE V2.1.4
2024-02-01 17:31:17 [CLIENT] [INFO] [CHAT] §fSimple Zoom V1.0.1
2024-02-01 17:32:17 [CLIENT] [INFO] Stopping!
2024-02-01 17:36:54 [CLIENT] [INFO] Setting user: Player695
2024-02-01 17:36:54 [CLIENT] [INFO] LWJGL Version: 2.9.0
2024-02-01 17:37:02 [CLIENT] [INFO] [CHAT] §fBetter Than Wolves CE V2.1.4
2024-02-01 17:37:02 [CLIENT] [INFO] [CHAT] §fSimple Zoom V1.0.1
2024-02-01 17:37:16 [CLIENT] [INFO] [CHAT] Your game mode has been updated
2024-02-01 17:42:20 [CLIENT] [INFO] [CHAT] Your game mode has been updated
2024-02-01 17:42:48 [CLIENT] [INFO] Stopping!
2024-02-01 20:45:04 [CLIENT] [INFO] Setting user: Player536
2024-02-01 20:45:04 [CLIENT] [INFO] LWJGL Version: 2.9.0
2024-02-01 20:45:15 [CLIENT] [INFO] [CHAT] §fBetter Than Wolves CE V2.1.4
2024-02-01 20:45:15 [CLIENT] [INFO] [CHAT] §fSimple Zoom V1.0.1
2024-02-01 20:45:34 [CLIENT] [INFO] Stopping!
